{"name": "Оформление заказа через кнопку \"Заказать\" на главной странице", "status": "broken", "statusDetails": {"message": "selenium.common.exceptions.TimeoutException: Message: \nStacktrace:\nRemoteError@chrome://remote/content/shared/RemoteError.sys.mjs:8:8\nWebDriverError@chrome://remote/content/shared/webdriver/Errors.sys.mjs:199:5\nNoSuchElementError@chrome://remote/content/shared/webdriver/Errors.sys.mjs:552:5\ndom.find/</<@chrome://remote/content/shared/DOM.sys.mjs:136:16", "trace": "self = <tests.test_order_page.TestOrderPage object at 0x0000023128F64050>\ndriver = <selenium.webdriver.firefox.webdriver.WebDriver (session=\"5ebacb64-d705-4210-bfa1-1ac5894c7a2b\")>\n\n    @allure.title('Оформление заказа через кнопку \"Заказать\" на главной странице')\n    def test_order_via_main_page_button(self, driver):\n        home_page = HomePage(driver)\n        order_page = OrderPage(driver)\n    \n        home_page.accept_cookies()\n        home_page.click_main_order_button()\n>       order_page.complete_order_process(TestUsers.ALEXEY)\n\ntests\\test_order_page.py:26: \n_ _ _ _ _ _ _ _ _ _ _ _ _ _ _ _ _ _ _ _ _ _ _ _ _ _ _ _ _ _ _ _ _ _ _ _ _ _ _ _ _ _ _ _ _ _ _ _ _ _ _ _ _ _ _ _ _ _ _ _ _ _ _ _ _ _ _ _ _ _ _ _ _ _ _ _ _ _ _ _\npages\\order_page.py:84: in complete_order_process\n    self.fill_rental_info(user_data)\npages\\order_page.py:67: in fill_rental_info\n    self.enter_delivery_date(user_data.delivery_date)\npages\\order_page.py:45: in enter_delivery_date\n    self.click_element(OrderPageLocators.DELIVERY_DATE_INPUT)\npages\\base_page.py:26: in click_element\n    self.find_element(locator).click()\npages\\base_page.py:23: in find_element\n    return self.wait_for_element_visible(locator)\npages\\base_page.py:14: in wait_for_element_visible\n    return self.wait.until(EC.visibility_of_element_located(locator))\n_ _ _ _ _ _ _ _ _ _ _ _ _ _ _ _ _ _ _ _ _ _ _ _ _ _ _ _ _ _ _ _ _ _ _ _ _ _ _ _ _ _ _ _ _ _ _ _ _ _ _ _ _ _ _ _ _ _ _ _ _ _ _ _ _ _ _ _ _ _ _ _ _ _ _ _ _ _ _ _\n\nself = <selenium.webdriver.support.wait.WebDriverWait (session=\"5ebacb64-d705-4210-bfa1-1ac5894c7a2b\")>\nmethod = <function visibility_of_element_located.<locals>._predicate at 0x0000023128FF34C0>, message = ''\n\n    def until(self, method: Callable[[D], Union[Literal[False], T]], message: str = \"\") -> T:\n        \"\"\"Wait until the method returns a value that is not False.\n    \n        Calls the method provided with the driver as an argument until the\n        return value does not evaluate to ``False``.\n    \n        Parameters:\n        ----------\n        method: callable(WebDriver)\n            - A callable object that takes a WebDriver instance as an argument.\n    \n        message: str\n            - Optional message for :exc:`TimeoutException`\n    \n        Return:\n        -------\n        object: T\n            - The result of the last call to `method`\n    \n        Raises:\n        -------\n        TimeoutException\n            - If 'method' does not return a truthy value within the WebDriverWait\n            object's timeout\n    \n        Example:\n        --------\n        >>> from selenium.webdriver.common.by import By\n        >>> from selenium.webdriver.support.ui import WebDriverWait\n        >>> from selenium.webdriver.support import expected_conditions as EC\n    \n        # Wait until an element is visible on the page\n        >>> wait = WebDriverWait(driver, 10)\n        >>> element = wait.until(EC.visibility_of_element_located((By.ID, \"exampleId\")))\n        >>> print(element.text)\n        \"\"\"\n        screen = None\n        stacktrace = None\n    \n        end_time = time.monotonic() + self._timeout\n        while True:\n            try:\n                value = method(self._driver)\n                if value:\n                    return value\n            except self._ignored_exceptions as exc:\n                screen = getattr(exc, \"screen\", None)\n                stacktrace = getattr(exc, \"stacktrace\", None)\n            if time.monotonic() > end_time:\n                break\n            time.sleep(self._poll)\n>       raise TimeoutException(message, screen, stacktrace)\nE       selenium.common.exceptions.TimeoutException: Message: \nE       Stacktrace:\nE       RemoteError@chrome://remote/content/shared/RemoteError.sys.mjs:8:8\nE       WebDriverError@chrome://remote/content/shared/webdriver/Errors.sys.mjs:199:5\nE       NoSuchElementError@chrome://remote/content/shared/webdriver/Errors.sys.mjs:552:5\nE       dom.find/</<@chrome://remote/content/shared/DOM.sys.mjs:136:16\n\n..\\..\\AppData\\Local\\Programs\\Python\\Python313\\Lib\\site-packages\\selenium\\webdriver\\support\\wait.py:146: TimeoutException"}, "steps": [{"name": "Принять cookies", "status": "passed", "start": 1757786716637, "stop": 1757786716889}, {"name": "Кликнуть на кнопку \"Заказать\" на главной странице", "status": "passed", "start": 1757786716889, "stop": 1757786717157}, {"name": "Полный процесс оформления заказа", "status": "broken", "statusDetails": {"message": "selenium.common.exceptions.TimeoutException: Message: \nStacktrace:\nRemoteError@chrome://remote/content/shared/RemoteError.sys.mjs:8:8\nWebDriverError@chrome://remote/content/shared/webdriver/Errors.sys.mjs:199:5\nNoSuchElementError@chrome://remote/content/shared/webdriver/Errors.sys.mjs:552:5\ndom.find/</<@chrome://remote/content/shared/DOM.sys.mjs:136:16\n\n", "trace": "  File \"C:\\Users\\dmitrii.chiniaev\\AppData\\Local\\Programs\\Python\\Python313\\Lib\\site-packages\\allure_commons\\_allure.py\", line 202, in impl\n    return func(*a, **kw)\n  File \"C:\\Users\\dmitrii.chiniaev\\Desktop\\ui tests\\pages\\order_page.py\", line 84, in complete_order_process\n    self.fill_rental_info(user_data)\n    ~~~~~~~~~~~~~~~~~~~~~^^^^^^^^^^^\n  File \"C:\\Users\\dmitrii.chiniaev\\AppData\\Local\\Programs\\Python\\Python313\\Lib\\site-packages\\allure_commons\\_allure.py\", line 202, in impl\n    return func(*a, **kw)\n  File \"C:\\Users\\dmitrii.chiniaev\\Desktop\\ui tests\\pages\\order_page.py\", line 67, in fill_rental_info\n    self.enter_delivery_date(user_data.delivery_date)\n    ~~~~~~~~~~~~~~~~~~~~~~~~^^^^^^^^^^^^^^^^^^^^^^^^^\n  File \"C:\\Users\\dmitrii.chiniaev\\AppData\\Local\\Programs\\Python\\Python313\\Lib\\site-packages\\allure_commons\\_allure.py\", line 202, in impl\n    return func(*a, **kw)\n  File \"C:\\Users\\dmitrii.chiniaev\\Desktop\\ui tests\\pages\\order_page.py\", line 45, in enter_delivery_date\n    self.click_element(OrderPageLocators.DELIVERY_DATE_INPUT)\n    ~~~~~~~~~~~~~~~~~~^^^^^^^^^^^^^^^^^^^^^^^^^^^^^^^^^^^^^^^\n  File \"C:\\Users\\dmitrii.chiniaev\\Desktop\\ui tests\\pages\\base_page.py\", line 26, in click_element\n    self.find_element(locator).click()\n    ~~~~~~~~~~~~~~~~~^^^^^^^^^\n  File \"C:\\Users\\dmitrii.chiniaev\\Desktop\\ui tests\\pages\\base_page.py\", line 23, in find_element\n    return self.wait_for_element_visible(locator)\n           ~~~~~~~~~~~~~~~~~~~~~~~~~~~~~^^^^^^^^^\n  File \"C:\\Users\\dmitrii.chiniaev\\Desktop\\ui tests\\pages\\base_page.py\", line 14, in wait_for_element_visible\n    return self.wait.until(EC.visibility_of_element_located(locator))\n           ~~~~~~~~~~~~~~~^^^^^^^^^^^^^^^^^^^^^^^^^^^^^^^^^^^^^^^^^^^\n  File \"C:\\Users\\dmitrii.chiniaev\\AppData\\Local\\Programs\\Python\\Python313\\Lib\\site-packages\\selenium\\webdriver\\support\\wait.py\", line 146, in until\n    raise TimeoutException(message, screen, stacktrace)\n"}, "steps": [{"name": "Заполнить информацию о клиенте", "status": "passed", "steps": [{"name": "Заполнить поле \"Имя\"", "status": "passed", "parameters": [{"name": "first_name", "value": "'Алексей'"}], "start": 1757786717158, "stop": 1757786717214}, {"name": "Заполнить поле \"Фамилия\"", "status": "passed", "parameters": [{"name": "last_name", "value": "'Шляпиn'"}], "start": 1757786717214, "stop": 1757786717232}, {"name": "Заполнить поле \"Адрес\"", "status": "passed", "parameters": [{"name": "address", "value": "'Москва, ул. Пресненская набережная, д. 20'"}], "start": 1757786717232, "stop": 1757786717284}, {"name": "Выбрать станцию метро", "status": "passed", "parameters": [{"name": "metro_station", "value": "'Парк культуры'"}], "start": 1757786717284, "stop": 1757786718326}, {"name": "Заполнить поле \"Телефон\"", "status": "passed", "parameters": [{"name": "phone_number", "value": "'89270020304'"}], "start": 1757786718326, "stop": 1757786718347}, {"name": "Нажать кнопку \"Далее\"", "status": "passed", "start": 1757786718347, "stop": 1757786718559}], "parameters": [{"name": "user_data", "value": "UserData(first_name='Алексей', last_name='Шляпиn', address='Москва, ул. Пресненская набережная, д. 20', metro_station='Парк культуры', phone_number='89270020304', delivery_date='25.08.2025', comment='Давайте поскорее!')"}], "start": 1757786717158, "stop": 1757786718559}, {"name": "Заполнить информацию об аренде", "status": "broken", "statusDetails": {"message": "selenium.common.exceptions.TimeoutException: Message: \nStacktrace:\nRemoteError@chrome://remote/content/shared/RemoteError.sys.mjs:8:8\nWebDriverError@chrome://remote/content/shared/webdriver/Errors.sys.mjs:199:5\nNoSuchElementError@chrome://remote/content/shared/webdriver/Errors.sys.mjs:552:5\ndom.find/</<@chrome://remote/content/shared/DOM.sys.mjs:136:16\n\n", "trace": "  File \"C:\\Users\\dmitrii.chiniaev\\AppData\\Local\\Programs\\Python\\Python313\\Lib\\site-packages\\allure_commons\\_allure.py\", line 202, in impl\n    return func(*a, **kw)\n  File \"C:\\Users\\dmitrii.chiniaev\\Desktop\\ui tests\\pages\\order_page.py\", line 67, in fill_rental_info\n    self.enter_delivery_date(user_data.delivery_date)\n    ~~~~~~~~~~~~~~~~~~~~~~~~^^^^^^^^^^^^^^^^^^^^^^^^^\n  File \"C:\\Users\\dmitrii.chiniaev\\AppData\\Local\\Programs\\Python\\Python313\\Lib\\site-packages\\allure_commons\\_allure.py\", line 202, in impl\n    return func(*a, **kw)\n  File \"C:\\Users\\dmitrii.chiniaev\\Desktop\\ui tests\\pages\\order_page.py\", line 45, in enter_delivery_date\n    self.click_element(OrderPageLocators.DELIVERY_DATE_INPUT)\n    ~~~~~~~~~~~~~~~~~~^^^^^^^^^^^^^^^^^^^^^^^^^^^^^^^^^^^^^^^\n  File \"C:\\Users\\dmitrii.chiniaev\\Desktop\\ui tests\\pages\\base_page.py\", line 26, in click_element\n    self.find_element(locator).click()\n    ~~~~~~~~~~~~~~~~~^^^^^^^^^\n  File \"C:\\Users\\dmitrii.chiniaev\\Desktop\\ui tests\\pages\\base_page.py\", line 23, in find_element\n    return self.wait_for_element_visible(locator)\n           ~~~~~~~~~~~~~~~~~~~~~~~~~~~~~^^^^^^^^^\n  File \"C:\\Users\\dmitrii.chiniaev\\Desktop\\ui tests\\pages\\base_page.py\", line 14, in wait_for_element_visible\n    return self.wait.until(EC.visibility_of_element_located(locator))\n           ~~~~~~~~~~~~~~~^^^^^^^^^^^^^^^^^^^^^^^^^^^^^^^^^^^^^^^^^^^\n  File \"C:\\Users\\dmitrii.chiniaev\\AppData\\Local\\Programs\\Python\\Python313\\Lib\\site-packages\\selenium\\webdriver\\support\\wait.py\", line 146, in until\n    raise TimeoutException(message, screen, stacktrace)\n"}, "steps": [{"name": "Заполнить поле \"Дата доставки\"", "status": "broken", "statusDetails": {"message": "selenium.common.exceptions.TimeoutException: Message: \nStacktrace:\nRemoteError@chrome://remote/content/shared/RemoteError.sys.mjs:8:8\nWebDriverError@chrome://remote/content/shared/webdriver/Errors.sys.mjs:199:5\nNoSuchElementError@chrome://remote/content/shared/webdriver/Errors.sys.mjs:552:5\ndom.find/</<@chrome://remote/content/shared/DOM.sys.mjs:136:16\n\n", "trace": "  File \"C:\\Users\\dmitrii.chiniaev\\AppData\\Local\\Programs\\Python\\Python313\\Lib\\site-packages\\allure_commons\\_allure.py\", line 202, in impl\n    return func(*a, **kw)\n  File \"C:\\Users\\dmitrii.chiniaev\\Desktop\\ui tests\\pages\\order_page.py\", line 45, in enter_delivery_date\n    self.click_element(OrderPageLocators.DELIVERY_DATE_INPUT)\n    ~~~~~~~~~~~~~~~~~~^^^^^^^^^^^^^^^^^^^^^^^^^^^^^^^^^^^^^^^\n  File \"C:\\Users\\dmitrii.chiniaev\\Desktop\\ui tests\\pages\\base_page.py\", line 26, in click_element\n    self.find_element(locator).click()\n    ~~~~~~~~~~~~~~~~~^^^^^^^^^\n  File \"C:\\Users\\dmitrii.chiniaev\\Desktop\\ui tests\\pages\\base_page.py\", line 23, in find_element\n    return self.wait_for_element_visible(locator)\n           ~~~~~~~~~~~~~~~~~~~~~~~~~~~~~^^^^^^^^^\n  File \"C:\\Users\\dmitrii.chiniaev\\Desktop\\ui tests\\pages\\base_page.py\", line 14, in wait_for_element_visible\n    return self.wait.until(EC.visibility_of_element_located(locator))\n           ~~~~~~~~~~~~~~~^^^^^^^^^^^^^^^^^^^^^^^^^^^^^^^^^^^^^^^^^^^\n  File \"C:\\Users\\dmitrii.chiniaev\\AppData\\Local\\Programs\\Python\\Python313\\Lib\\site-packages\\selenium\\webdriver\\support\\wait.py\", line 146, in until\n    raise TimeoutException(message, screen, stacktrace)\n"}, "parameters": [{"name": "delivery_date", "value": "'25.08.2025'"}], "start": 1757786718559, "stop": 1757786728642}], "parameters": [{"name": "user_data", "value": "UserData(first_name='Алексей', last_name='Шляпиn', address='Москва, ул. Пресненская набережная, д. 20', metro_station='Парк культуры', phone_number='89270020304', delivery_date='25.08.2025', comment='Давайте поскорее!')"}], "start": 1757786718559, "stop": 1757786728645}], "parameters": [{"name": "user_data", "value": "UserData(first_name='Алексей', last_name='Шляпиn', address='Москва, ул. Пресненская набережная, д. 20', metro_station='Парк культуры', phone_number='89270020304', delivery_date='25.08.2025', comment='Давайте поскорее!')"}], "start": 1757786717158, "stop": 1757786728647}], "start": 1757786716637, "stop": 1757786728650, "uuid": "130361e5-2ac0-40ea-bc59-6347f49e2f77", "historyId": "3eca973d2d3d1278df5e35daa8237d59", "testCaseId": "3eca973d2d3d1278df5e35daa8237d59", "fullName": "tests.test_order_page.TestOrderPage#test_order_via_main_page_button", "labels": [{"name": "parentSuite", "value": "tests"}, {"name": "suite", "value": "test_order_page"}, {"name": "subSuite", "value": "TestOrderPage"}, {"name": "host", "value": "dchiniaev"}, {"name": "thread", "value": "2664-MainThread"}, {"name": "framework", "value": "pytest"}, {"name": "language", "value": "cpython3"}, {"name": "package", "value": "tests.test_order_page"}], "titlePath": ["tests", "test_order_page.py", "TestOrderPage"]}